<?xml version="1.0" encoding="UTF-8"?>
<!-- Generated by org.testng.reporters.JUnitReportReporter -->
<testsuite hostname="PRINCY" failures="0" tests="1" name="projecttesting.ManageCategorytest" time="48.053" errors="1" timestamp="2025-06-17T12:17:41 IST" skipped="0">
  <testcase classname="projecttesting.ManageCategorytest" name="entermanagecategory" time="48.053">
    <error type="java.lang.StackOverflowError">
      <![CDATA[java.lang.StackOverflowError
at projectmain.ManageCategory.clicksave(ManageCategory.java:65)
at projectmain.ManageCategory.clicksave(ManageCategory.java:65)
at projectmain.ManageCategory.clicksave(ManageCategory.java:65)
at projectmain.ManageCategory.clicksave(ManageCategory.java:65)
at projectmain.ManageCategory.clicksave(ManageCategory.java:65)
at projectmain.ManageCategory.clicksave(ManageCategory.java:65)
at projectmain.ManageCategory.clicksave(ManageCategory.java:65)
at projectmain.ManageCategory.clicksave(ManageCategory.java:65)
at projectmain.ManageCategory.clicksave(ManageCategory.java:65)
at projectmain.ManageCategory.clicksave(ManageCategory.java:65)
at projectmain.ManageCategory.clicksave(ManageCategory.java:65)
at projectmain.ManageCategory.clicksave(ManageCategory.java:65)
at projectmain.ManageCategory.clicksave(ManageCategory.java:65)
at projectmain.ManageCategory.clicksave(ManageCategory.java:65)
at projectmain.ManageCategory.clicksave(ManageCategory.java:65)
at projectmain.ManageCategory.clicksave(ManageCategory.java:65)
at projectmain.ManageCategory.clicksave(ManageCategory.java:65)
at projectmain.ManageCategory.clicksave(ManageCategory.java:65)
at projectmain.ManageCategory.clicksave(ManageCategory.java:65)
at projectmain.ManageCategory.clicksave(ManageCategory.java:65)
at projectmain.ManageCategory.clicksave(ManageCategory.java:65)
at projectmain.ManageCategory.clicksave(ManageCategory.java:65)
at projectmain.ManageCategory.clicksave(ManageCategory.java:65)
at projectmain.ManageCategory.clicksave(ManageCategory.java:65)
at projectmain.ManageCategory.clicksave(ManageCategory.java:65)
at projectmain.ManageCategory.clicksave(ManageCategory.java:65)
at projectmain.ManageCategory.clicksave(ManageCategory.java:65)
at projectmain.ManageCategory.clicksave(ManageCategory.java:65)
at projectmain.ManageCategory.clicksave(ManageCategory.java:65)
at projectmain.ManageCategory.clicksave(ManageCategory.java:65)
at projectmain.ManageCategory.clicksave(ManageCategory.java:65)
at projectmain.ManageCategory.clicksave(ManageCategory.java:65)
at projectmain.ManageCategory.clicksave(ManageCategory.java:65)
at projectmain.ManageCategory.clicksave(ManageCategory.java:65)
at projectmain.ManageCategory.clicksave(ManageCategory.java:65)
at projectmain.ManageCategory.clicksave(ManageCategory.java:65)
at projectmain.ManageCategory.clicksave(ManageCategory.java:65)
at projectmain.ManageCategory.clicksave(ManageCategory.java:65)
at projectmain.ManageCategory.clicksave(ManageCategory.java:65)
at projectmain.ManageCategory.clicksave(ManageCategory.java:65)
at projectmain.ManageCategory.clicksave(ManageCategory.java:65)
at projectmain.ManageCategory.clicksave(ManageCategory.java:65)
at projectmain.ManageCategory.clicksave(ManageCategory.java:65)
at projectmain.ManageCategory.clicksave(ManageCategory.java:65)
at projectmain.ManageCategory.clicksave(ManageCategory.java:65)
at projectmain.ManageCategory.clicksave(ManageCategory.java:65)
at projectmain.ManageCategory.clicksave(ManageCategory.java:65)
at projectmain.ManageCategory.clicksave(ManageCategory.java:65)
at projectmain.ManageCategory.clicksave(ManageCategory.java:65)
at projectmain.ManageCategory.clicksave(ManageCategory.java:65)
at projectmain.ManageCategory.clicksave(ManageCategory.java:65)
at projectmain.ManageCategory.clicksave(ManageCategory.java:65)
at projectmain.ManageCategory.clicksave(ManageCategory.java:65)
at projectmain.ManageCategory.clicksave(ManageCategory.java:65)
at projectmain.ManageCategory.clicksave(ManageCategory.java:65)
at projectmain.ManageCategory.clicksave(ManageCategory.java:65)
at projectmain.ManageCategory.clicksave(ManageCategory.java:65)
at projectmain.ManageCategory.clicksave(ManageCategory.java:65)
at projectmain.ManageCategory.clicksave(ManageCategory.java:65)
at projectmain.ManageCategory.clicksave(ManageCategory.java:65)
at projectmain.ManageCategory.clicksave(ManageCategory.java:65)
at projectmain.ManageCategory.clicksave(ManageCategory.java:65)
at projectmain.ManageCategory.clicksave(ManageCategory.java:65)
at projectmain.ManageCategory.clicksave(ManageCategory.java:65)
at projectmain.ManageCategory.clicksave(ManageCategory.java:65)
at projectmain.ManageCategory.clicksave(ManageCategory.java:65)
at projectmain.ManageCategory.clicksave(ManageCategory.java:65)
at projectmain.ManageCategory.clicksave(ManageCategory.java:65)
at projectmain.ManageCategory.clicksave(ManageCategory.java:65)
at projectmain.ManageCategory.clicksave(ManageCategory.java:65)
at projectmain.ManageCategory.clicksave(ManageCategory.java:65)
at projectmain.ManageCategory.clicksave(ManageCategory.java:65)
at projectmain.ManageCategory.clicksave(ManageCategory.java:65)
at projectmain.ManageCategory.clicksave(ManageCategory.java:65)
at projectmain.ManageCategory.clicksave(ManageCategory.java:65)
at projectmain.ManageCategory.clicksave(ManageCategory.java:65)
at projectmain.ManageCategory.clicksave(ManageCategory.java:65)
at projectmain.ManageCategory.clicksave(ManageCategory.java:65)
at projectmain.ManageCategory.clicksave(ManageCategory.java:65)
at projectmain.ManageCategory.clicksave(ManageCategory.java:65)
at projectmain.ManageCategory.clicksave(ManageCategory.java:65)
at projectmain.ManageCategory.clicksave(ManageCategory.java:65)
at projectmain.ManageCategory.clicksave(ManageCategory.java:65)
at projectmain.ManageCategory.clicksave(ManageCategory.java:65)
at projectmain.ManageCategory.clicksave(ManageCategory.java:65)
at projectmain.ManageCategory.clicksave(ManageCategory.java:65)
at projectmain.ManageCategory.clicksave(ManageCategory.java:65)
at projectmain.ManageCategory.clicksave(ManageCategory.java:65)
at projectmain.ManageCategory.clicksave(ManageCategory.java:65)
at projectmain.ManageCategory.clicksave(ManageCategory.java:65)
at projectmain.ManageCategory.clicksave(ManageCategory.java:65)
at projectmain.ManageCategory.clicksave(ManageCategory.java:65)
at projectmain.ManageCategory.clicksave(ManageCategory.java:65)
at projectmain.ManageCategory.clicksave(ManageCategory.java:65)
at projectmain.ManageCategory.clicksave(ManageCategory.java:65)
at projectmain.ManageCategory.clicksave(ManageCategory.java:65)
at projectmain.ManageCategory.clicksave(ManageCategory.java:65)
at projectmain.ManageCategory.clicksave(ManageCategory.java:65)
at projectmain.ManageCategory.clicksave(ManageCategory.java:65)
at projectmain.ManageCategory.clicksave(ManageCategory.java:65)
at projectmain.ManageCategory.clicksave(ManageCategory.java:65)
at projectmain.ManageCategory.clicksave(ManageCategory.java:65)
at projectmain.ManageCategory.clicksave(ManageCategory.java:65)
at projectmain.ManageCategory.clicksave(ManageCategory.java:65)
at projectmain.ManageCategory.clicksave(ManageCategory.java:65)
at projectmain.ManageCategory.clicksave(ManageCategory.java:65)
at projectmain.ManageCategory.clicksave(ManageCategory.java:65)
at projectmain.ManageCategory.clicksave(ManageCategory.java:65)
at projectmain.ManageCategory.clicksave(ManageCategory.java:65)
at projectmain.ManageCategory.clicksave(ManageCategory.java:65)
at projectmain.ManageCategory.clicksave(ManageCategory.java:65)
at projectmain.ManageCategory.clicksave(ManageCategory.java:65)
at projectmain.ManageCategory.clicksave(ManageCategory.java:65)
at projectmain.ManageCategory.clicksave(ManageCategory.java:65)
at projectmain.ManageCategory.clicksave(ManageCategory.java:65)
at projectmain.ManageCategory.clicksave(ManageCategory.java:65)
at projectmain.ManageCategory.clicksave(ManageCategory.java:65)
at projectmain.ManageCategory.clicksave(ManageCategory.java:65)
at projectmain.ManageCategory.clicksave(ManageCategory.java:65)
at projectmain.ManageCategory.clicksave(ManageCategory.java:65)
at projectmain.ManageCategory.clicksave(ManageCategory.java:65)
at projectmain.ManageCategory.clicksave(ManageCategory.java:65)
at projectmain.ManageCategory.clicksave(ManageCategory.java:65)
at projectmain.ManageCategory.clicksave(ManageCategory.java:65)
at projectmain.ManageCategory.clicksave(ManageCategory.java:65)
at projectmain.ManageCategory.clicksave(ManageCategory.java:65)
at projectmain.ManageCategory.clicksave(ManageCategory.java:65)
at projectmain.ManageCategory.clicksave(ManageCategory.java:65)
at projectmain.ManageCategory.clicksave(ManageCategory.java:65)
at projectmain.ManageCategory.clicksave(ManageCategory.java:65)
at projectmain.ManageCategory.clicksave(ManageCategory.java:65)
at projectmain.ManageCategory.clicksave(ManageCategory.java:65)
at projectmain.ManageCategory.clicksave(ManageCategory.java:65)
at projectmain.ManageCategory.clicksave(ManageCategory.java:65)
at projectmain.ManageCategory.clicksave(ManageCategory.java:65)
at projectmain.ManageCategory.clicksave(ManageCategory.java:65)
at projectmain.ManageCategory.clicksave(ManageCategory.java:65)
at projectmain.ManageCategory.clicksave(ManageCategory.java:65)
at projectmain.ManageCategory.clicksave(ManageCategory.java:65)
at projectmain.ManageCategory.clicksave(ManageCategory.java:65)
at projectmain.ManageCategory.clicksave(ManageCategory.java:65)
at projectmain.ManageCategory.clicksave(ManageCategory.java:65)
at projectmain.ManageCategory.clicksave(ManageCategory.java:65)
at projectmain.ManageCategory.clicksave(ManageCategory.java:65)
at projectmain.ManageCategory.clicksave(ManageCategory.java:65)
at projectmain.ManageCategory.clicksave(ManageCategory.java:65)
at projectmain.ManageCategory.clicksave(ManageCategory.java:65)
at projectmain.ManageCategory.clicksave(ManageCategory.java:65)
at projectmain.ManageCategory.clicksave(ManageCategory.java:65)
at projectmain.ManageCategory.clicksave(ManageCategory.java:65)
at projectmain.ManageCategory.clicksave(ManageCategory.java:65)
at projectmain.ManageCategory.clicksave(ManageCategory.java:65)
at projectmain.ManageCategory.clicksave(ManageCategory.java:65)
at projectmain.ManageCategory.clicksave(ManageCategory.java:65)
at projectmain.ManageCategory.clicksave(ManageCategory.java:65)
at projectmain.ManageCategory.clicksave(ManageCategory.java:65)
at projectmain.ManageCategory.clicksave(ManageCategory.java:65)
at projectmain.ManageCategory.clicksave(ManageCategory.java:65)
at projectmain.ManageCategory.clicksave(ManageCategory.java:65)
at projectmain.ManageCategory.clicksave(ManageCategory.java:65)
at projectmain.ManageCategory.clicksave(ManageCategory.java:65)
at projectmain.ManageCategory.clicksave(ManageCategory.java:65)
at projectmain.ManageCategory.clicksave(ManageCategory.java:65)
at projectmain.ManageCategory.clicksave(ManageCategory.java:65)
at projectmain.ManageCategory.clicksave(ManageCategory.java:65)
at projectmain.ManageCategory.clicksave(ManageCategory.java:65)
at projectmain.ManageCategory.clicksave(ManageCategory.java:65)
at projectmain.ManageCategory.clicksave(ManageCategory.java:65)
at projectmain.ManageCategory.clicksave(ManageCategory.java:65)
at projectmain.ManageCategory.clicksave(ManageCategory.java:65)
at projectmain.ManageCategory.clicksave(ManageCategory.java:65)
at projectmain.ManageCategory.clicksave(ManageCategory.java:65)
at projectmain.ManageCategory.clicksave(ManageCategory.java:65)
at projectmain.ManageCategory.clicksave(ManageCategory.java:65)
at projectmain.ManageCategory.clicksave(ManageCategory.java:65)
at projectmain.ManageCategory.clicksave(ManageCategory.java:65)
at projectmain.ManageCategory.clicksave(ManageCategory.java:65)
at projectmain.ManageCategory.clicksave(ManageCategory.java:65)
at projectmain.ManageCategory.clicksave(ManageCategory.java:65)
at projectmain.ManageCategory.clicksave(ManageCategory.java:65)
at projectmain.ManageCategory.clicksave(ManageCategory.java:65)
at projectmain.ManageCategory.clicksave(ManageCategory.java:65)
at projectmain.ManageCategory.clicksave(ManageCategory.java:65)
at projectmain.ManageCategory.clicksave(ManageCategory.java:65)
at projectmain.ManageCategory.clicksave(ManageCategory.java:65)
at projectmain.ManageCategory.clicksave(ManageCategory.java:65)
at projectmain.ManageCategory.clicksave(ManageCategory.java:65)
at projectmain.ManageCategory.clicksave(ManageCategory.java:65)
at projectmain.ManageCategory.clicksave(ManageCategory.java:65)
at projectmain.ManageCategory.clicksave(ManageCategory.java:65)
at projectmain.ManageCategory.clicksave(ManageCategory.java:65)
at projectmain.ManageCategory.clicksave(ManageCategory.java:65)
at projectmain.ManageCategory.clicksave(ManageCategory.java:65)
at projectmain.ManageCategory.clicksave(ManageCategory.java:65)
at projectmain.ManageCategory.clicksave(ManageCategory.java:65)
at projectmain.ManageCategory.clicksave(ManageCategory.java:65)
at projectmain.ManageCategory.clicksave(ManageCategory.java:65)
at projectmain.ManageCategory.clicksave(ManageCategory.java:65)
at projectmain.ManageCategory.clicksave(ManageCategory.java:65)
at projectmain.ManageCategory.clicksave(ManageCategory.java:65)
at projectmain.ManageCategory.clicksave(ManageCategory.java:65)
at projectmain.ManageCategory.clicksave(ManageCategory.java:65)
at projectmain.ManageCategory.clicksave(ManageCategory.java:65)
at projectmain.ManageCategory.clicksave(ManageCategory.java:65)
at projectmain.ManageCategory.clicksave(ManageCategory.java:65)
at projectmain.ManageCategory.clicksave(ManageCategory.java:65)
at projectmain.ManageCategory.clicksave(ManageCategory.java:65)
at projectmain.ManageCategory.clicksave(ManageCategory.java:65)
at projectmain.ManageCategory.clicksave(ManageCategory.java:65)
at projectmain.ManageCategory.clicksave(ManageCategory.java:65)
at projectmain.ManageCategory.clicksave(ManageCategory.java:65)
at projectmain.ManageCategory.clicksave(ManageCategory.java:65)
at projectmain.ManageCategory.clicksave(ManageCategory.java:65)
at projectmain.ManageCategory.clicksave(ManageCategory.java:65)
at projectmain.ManageCategory.clicksave(ManageCategory.java:65)
at projectmain.ManageCategory.clicksave(ManageCategory.java:65)
at projectmain.ManageCategory.clicksave(ManageCategory.java:65)
at projectmain.ManageCategory.clicksave(ManageCategory.java:65)
at projectmain.ManageCategory.clicksave(ManageCategory.java:65)
at projectmain.ManageCategory.clicksave(ManageCategory.java:65)
at projectmain.ManageCategory.clicksave(ManageCategory.java:65)
at projectmain.ManageCategory.clicksave(ManageCategory.java:65)
at projectmain.ManageCategory.clicksave(ManageCategory.java:65)
at projectmain.ManageCategory.clicksave(ManageCategory.java:65)
at projectmain.ManageCategory.clicksave(ManageCategory.java:65)
at projectmain.ManageCategory.clicksave(ManageCategory.java:65)
at projectmain.ManageCategory.clicksave(ManageCategory.java:65)
at projectmain.ManageCategory.clicksave(ManageCategory.java:65)
at projectmain.ManageCategory.clicksave(ManageCategory.java:65)
at projectmain.ManageCategory.clicksave(ManageCategory.java:65)
at projectmain.ManageCategory.clicksave(ManageCategory.java:65)
at projectmain.ManageCategory.clicksave(ManageCategory.java:65)
at projectmain.ManageCategory.clicksave(ManageCategory.java:65)
at projectmain.ManageCategory.clicksave(ManageCategory.java:65)
at projectmain.ManageCategory.clicksave(ManageCategory.java:65)
at projectmain.ManageCategory.clicksave(ManageCategory.java:65)
at projectmain.ManageCategory.clicksave(ManageCategory.java:65)
at projectmain.ManageCategory.clicksave(ManageCategory.java:65)
at projectmain.ManageCategory.clicksave(ManageCategory.java:65)
at projectmain.ManageCategory.clicksave(ManageCategory.java:65)
at projectmain.ManageCategory.clicksave(ManageCategory.java:65)
at projectmain.ManageCategory.clicksave(ManageCategory.java:65)
at projectmain.ManageCategory.clicksave(ManageCategory.java:65)
at projectmain.ManageCategory.clicksave(ManageCategory.java:65)
at projectmain.ManageCategory.clicksave(ManageCategory.java:65)
at projectmain.ManageCategory.clicksave(ManageCategory.java:65)
at projectmain.ManageCategory.clicksave(ManageCategory.java:65)
at projectmain.ManageCategory.clicksave(ManageCategory.java:65)
at projectmain.ManageCategory.clicksave(ManageCategory.java:65)
at projectmain.ManageCategory.clicksave(ManageCategory.java:65)
at projectmain.ManageCategory.clicksave(ManageCategory.java:65)
at projectmain.ManageCategory.clicksave(ManageCategory.java:65)
at projectmain.ManageCategory.clicksave(ManageCategory.java:65)
at projectmain.ManageCategory.clicksave(ManageCategory.java:65)
at projectmain.ManageCategory.clicksave(ManageCategory.java:65)
at projectmain.ManageCategory.clicksave(ManageCategory.java:65)
at projectmain.ManageCategory.clicksave(ManageCategory.java:65)
at projectmain.ManageCategory.clicksave(ManageCategory.java:65)
at projectmain.ManageCategory.clicksave(ManageCategory.java:65)
at projectmain.ManageCategory.clicksave(ManageCategory.java:65)
at projectmain.ManageCategory.clicksave(ManageCategory.java:65)
at projectmain.ManageCategory.clicksave(ManageCategory.java:65)
at projectmain.ManageCategory.clicksave(ManageCategory.java:65)
at projectmain.ManageCategory.clicksave(ManageCategory.java:65)
at projectmain.ManageCategory.clicksave(ManageCategory.java:65)
at projectmain.ManageCategory.clicksave(ManageCategory.java:65)
at projectmain.ManageCategory.clicksave(ManageCategory.java:65)
at projectmain.ManageCategory.clicksave(ManageCategory.java:65)
at projectmain.ManageCategory.clicksave(ManageCategory.java:65)
at projectmain.ManageCategory.clicksave(ManageCategory.java:65)
at projectmain.ManageCategory.clicksave(ManageCategory.java:65)
at projectmain.ManageCategory.clicksave(ManageCategory.java:65)
at projectmain.ManageCategory.clicksave(ManageCategory.java:65)
at projectmain.ManageCategory.clicksave(ManageCategory.java:65)
at projectmain.ManageCategory.clicksave(ManageCategory.java:65)
at projectmain.ManageCategory.clicksave(ManageCategory.java:65)
at projectmain.ManageCategory.clicksave(ManageCategory.java:65)
at projectmain.ManageCategory.clicksave(ManageCategory.java:65)
at projectmain.ManageCategory.clicksave(ManageCategory.java:65)
at projectmain.ManageCategory.clicksave(ManageCategory.java:65)
at projectmain.ManageCategory.clicksave(ManageCategory.java:65)
at projectmain.ManageCategory.clicksave(ManageCategory.java:65)
at projectmain.ManageCategory.clicksave(ManageCategory.java:65)
at projectmain.ManageCategory.clicksave(ManageCategory.java:65)
at projectmain.ManageCategory.clicksave(ManageCategory.java:65)
at projectmain.ManageCategory.clicksave(ManageCategory.java:65)
at projectmain.ManageCategory.clicksave(ManageCategory.java:65)
at projectmain.ManageCategory.clicksave(ManageCategory.java:65)
at projectmain.ManageCategory.clicksave(ManageCategory.java:65)
at projectmain.ManageCategory.clicksave(ManageCategory.java:65)
at projectmain.ManageCategory.clicksave(ManageCategory.java:65)
at projectmain.ManageCategory.clicksave(ManageCategory.java:65)
at projectmain.ManageCategory.clicksave(ManageCategory.java:65)
at projectmain.ManageCategory.clicksave(ManageCategory.java:65)
at projectmain.ManageCategory.clicksave(ManageCategory.java:65)
at projectmain.ManageCategory.clicksave(ManageCategory.java:65)
at projectmain.ManageCategory.clicksave(ManageCategory.java:65)
at projectmain.ManageCategory.clicksave(ManageCategory.java:65)
at projectmain.ManageCategory.clicksave(ManageCategory.java:65)
at projectmain.ManageCategory.clicksave(ManageCategory.java:65)
at projectmain.ManageCategory.clicksave(ManageCategory.java:65)
at projectmain.ManageCategory.clicksave(ManageCategory.java:65)
at projectmain.ManageCategory.clicksave(ManageCategory.java:65)
at projectmain.ManageCategory.clicksave(ManageCategory.java:65)
at projectmain.ManageCategory.clicksave(ManageCategory.java:65)
at projectmain.ManageCategory.clicksave(ManageCategory.java:65)
at projectmain.ManageCategory.clicksave(ManageCategory.java:65)
at projectmain.ManageCategory.clicksave(ManageCategory.java:65)
at projectmain.ManageCategory.clicksave(ManageCategory.java:65)
at projectmain.ManageCategory.clicksave(ManageCategory.java:65)
at projectmain.ManageCategory.clicksave(ManageCategory.java:65)
at projectmain.ManageCategory.clicksave(ManageCategory.java:65)
at projectmain.ManageCategory.clicksave(ManageCategory.java:65)
at projectmain.ManageCategory.clicksave(ManageCategory.java:65)
at projectmain.ManageCategory.clicksave(ManageCategory.java:65)
at projectmain.ManageCategory.clicksave(ManageCategory.java:65)
at projectmain.ManageCategory.clicksave(ManageCategory.java:65)
at projectmain.ManageCategory.clicksave(ManageCategory.java:65)
at projectmain.ManageCategory.clicksave(ManageCategory.java:65)
at projectmain.ManageCategory.clicksave(ManageCategory.java:65)
at projectmain.ManageCategory.clicksave(ManageCategory.java:65)
at projectmain.ManageCategory.clicksave(ManageCategory.java:65)
at projectmain.ManageCategory.clicksave(ManageCategory.java:65)
at projectmain.ManageCategory.clicksave(ManageCategory.java:65)
at projectmain.ManageCategory.clicksave(ManageCategory.java:65)
at projectmain.ManageCategory.clicksave(ManageCategory.java:65)
at projectmain.ManageCategory.clicksave(ManageCategory.java:65)
at projectmain.ManageCategory.clicksave(ManageCategory.java:65)
at projectmain.ManageCategory.clicksave(ManageCategory.java:65)
at projectmain.ManageCategory.clicksave(ManageCategory.java:65)
at projectmain.ManageCategory.clicksave(ManageCategory.java:65)
at projectmain.ManageCategory.clicksave(ManageCategory.java:65)
at projectmain.ManageCategory.clicksave(ManageCategory.java:65)
at projectmain.ManageCategory.clicksave(ManageCategory.java:65)
at projectmain.ManageCategory.clicksave(ManageCategory.java:65)
at projectmain.ManageCategory.clicksave(ManageCategory.java:65)
at projectmain.ManageCategory.clicksave(ManageCategory.java:65)
at projectmain.ManageCategory.clicksave(ManageCategory.java:65)
at projectmain.ManageCategory.clicksave(ManageCategory.java:65)
at projectmain.ManageCategory.clicksave(ManageCategory.java:65)
at projectmain.ManageCategory.clicksave(ManageCategory.java:65)
at projectmain.ManageCategory.clicksave(ManageCategory.java:65)
at projectmain.ManageCategory.clicksave(ManageCategory.java:65)
at projectmain.ManageCategory.clicksave(ManageCategory.java:65)
at projectmain.ManageCategory.clicksave(ManageCategory.java:65)
at projectmain.ManageCategory.clicksave(ManageCategory.java:65)
at projectmain.ManageCategory.clicksave(ManageCategory.java:65)
at projectmain.ManageCategory.clicksave(ManageCategory.java:65)
at projectmain.ManageCategory.clicksave(ManageCategory.java:65)
at projectmain.ManageCategory.clicksave(ManageCategory.java:65)
at projectmain.ManageCategory.clicksave(ManageCategory.java:65)
at projectmain.ManageCategory.clicksave(ManageCategory.java:65)
at projectmain.ManageCategory.clicksave(ManageCategory.java:65)
at projectmain.ManageCategory.clicksave(ManageCategory.java:65)
at projectmain.ManageCategory.clicksave(ManageCategory.java:65)
at projectmain.ManageCategory.clicksave(ManageCategory.java:65)
at projectmain.ManageCategory.clicksave(ManageCategory.java:65)
at projectmain.ManageCategory.clicksave(ManageCategory.java:65)
at projectmain.ManageCategory.clicksave(ManageCategory.java:65)
at projectmain.ManageCategory.clicksave(ManageCategory.java:65)
at projectmain.ManageCategory.clicksave(ManageCategory.java:65)
at projectmain.ManageCategory.clicksave(ManageCategory.java:65)
at projectmain.ManageCategory.clicksave(ManageCategory.java:65)
at projectmain.ManageCategory.clicksave(ManageCategory.java:65)
at projectmain.ManageCategory.clicksave(ManageCategory.java:65)
at projectmain.ManageCategory.clicksave(ManageCategory.java:65)
at projectmain.ManageCategory.clicksave(ManageCategory.java:65)
at projectmain.ManageCategory.clicksave(ManageCategory.java:65)
at projectmain.ManageCategory.clicksave(ManageCategory.java:65)
at projectmain.ManageCategory.clicksave(ManageCategory.java:65)
at projectmain.ManageCategory.clicksave(ManageCategory.java:65)
at projectmain.ManageCategory.clicksave(ManageCategory.java:65)
at projectmain.ManageCategory.clicksave(ManageCategory.java:65)
at projectmain.ManageCategory.clicksave(ManageCategory.java:65)
at projectmain.ManageCategory.clicksave(ManageCategory.java:65)
at projectmain.ManageCategory.clicksave(ManageCategory.java:65)
at projectmain.ManageCategory.clicksave(ManageCategory.java:65)
at projectmain.ManageCategory.clicksave(ManageCategory.java:65)
at projectmain.ManageCategory.clicksave(ManageCategory.java:65)
at projectmain.ManageCategory.clicksave(ManageCategory.java:65)
at projectmain.ManageCategory.clicksave(ManageCategory.java:65)
at projectmain.ManageCategory.clicksave(ManageCategory.java:65)
at projectmain.ManageCategory.clicksave(ManageCategory.java:65)
at projectmain.ManageCategory.clicksave(ManageCategory.java:65)
at projectmain.ManageCategory.clicksave(ManageCategory.java:65)
at projectmain.ManageCategory.clicksave(ManageCategory.java:65)
at projectmain.ManageCategory.clicksave(ManageCategory.java:65)
at projectmain.ManageCategory.clicksave(ManageCategory.java:65)
at projectmain.ManageCategory.clicksave(ManageCategory.java:65)
at projectmain.ManageCategory.clicksave(ManageCategory.java:65)
at projectmain.ManageCategory.clicksave(ManageCategory.java:65)
at projectmain.ManageCategory.clicksave(ManageCategory.java:65)
at projectmain.ManageCategory.clicksave(ManageCategory.java:65)
at projectmain.ManageCategory.clicksave(ManageCategory.java:65)
at projectmain.ManageCategory.clicksave(ManageCategory.java:65)
at projectmain.ManageCategory.clicksave(ManageCategory.java:65)
at projectmain.ManageCategory.clicksave(ManageCategory.java:65)
at projectmain.ManageCategory.clicksave(ManageCategory.java:65)
at projectmain.ManageCategory.clicksave(ManageCategory.java:65)
at projectmain.ManageCategory.clicksave(ManageCategory.java:65)
at projectmain.ManageCategory.clicksave(ManageCategory.java:65)
at projectmain.ManageCategory.clicksave(ManageCategory.java:65)
at projectmain.ManageCategory.clicksave(ManageCategory.java:65)
at projectmain.ManageCategory.clicksave(ManageCategory.java:65)
at projectmain.ManageCategory.clicksave(ManageCategory.java:65)
at projectmain.ManageCategory.clicksave(ManageCategory.java:65)
at projectmain.ManageCategory.clicksave(ManageCategory.java:65)
at projectmain.ManageCategory.clicksave(ManageCategory.java:65)
at projectmain.ManageCategory.clicksave(ManageCategory.java:65)
at projectmain.ManageCategory.clicksave(ManageCategory.java:65)
at projectmain.ManageCategory.clicksave(ManageCategory.java:65)
at projectmain.ManageCategory.clicksave(ManageCategory.java:65)
at projectmain.ManageCategory.clicksave(ManageCategory.java:65)
at projectmain.ManageCategory.clicksave(ManageCategory.java:65)
at projectmain.ManageCategory.clicksave(ManageCategory.java:65)
at projectmain.ManageCategory.clicksave(ManageCategory.java:65)
at projectmain.ManageCategory.clicksave(ManageCategory.java:65)
at projectmain.ManageCategory.clicksave(ManageCategory.java:65)
at projectmain.ManageCategory.clicksave(ManageCategory.java:65)
at projectmain.ManageCategory.clicksave(ManageCategory.java:65)
at projectmain.ManageCategory.clicksave(ManageCategory.java:65)
at projectmain.ManageCategory.clicksave(ManageCategory.java:65)
at projectmain.ManageCategory.clicksave(ManageCategory.java:65)
at projectmain.ManageCategory.clicksave(ManageCategory.java:65)
at projectmain.ManageCategory.clicksave(ManageCategory.java:65)
at projectmain.ManageCategory.clicksave(ManageCategory.java:65)
at projectmain.ManageCategory.clicksave(ManageCategory.java:65)
at projectmain.ManageCategory.clicksave(ManageCategory.java:65)
at projectmain.ManageCategory.clicksave(ManageCategory.java:65)
at projectmain.ManageCategory.clicksave(ManageCategory.java:65)
at projectmain.ManageCategory.clicksave(ManageCategory.java:65)
at projectmain.ManageCategory.clicksave(ManageCategory.java:65)
at projectmain.ManageCategory.clicksave(ManageCategory.java:65)
at projectmain.ManageCategory.clicksave(ManageCategory.java:65)
at projectmain.ManageCategory.clicksave(ManageCategory.java:65)
at projectmain.ManageCategory.clicksave(ManageCategory.java:65)
at projectmain.ManageCategory.clicksave(ManageCategory.java:65)
at projectmain.ManageCategory.clicksave(ManageCategory.java:65)
at projectmain.ManageCategory.clicksave(ManageCategory.java:65)
at projectmain.ManageCategory.clicksave(ManageCategory.java:65)
at projectmain.ManageCategory.clicksave(ManageCategory.java:65)
at projectmain.ManageCategory.clicksave(ManageCategory.java:65)
at projectmain.ManageCategory.clicksave(ManageCategory.java:65)
at projectmain.ManageCategory.clicksave(ManageCategory.java:65)
at projectmain.ManageCategory.clicksave(ManageCategory.java:65)
at projectmain.ManageCategory.clicksave(ManageCategory.java:65)
at projectmain.ManageCategory.clicksave(ManageCategory.java:65)
at projectmain.ManageCategory.clicksave(ManageCategory.java:65)
at projectmain.ManageCategory.clicksave(ManageCategory.java:65)
at projectmain.ManageCategory.clicksave(ManageCategory.java:65)
at projectmain.ManageCategory.clicksave(ManageCategory.java:65)
at projectmain.ManageCategory.clicksave(ManageCategory.java:65)
at projectmain.ManageCategory.clicksave(ManageCategory.java:65)
at projectmain.ManageCategory.clicksave(ManageCategory.java:65)
at projectmain.ManageCategory.clicksave(ManageCategory.java:65)
at projectmain.ManageCategory.clicksave(ManageCategory.java:65)
at projectmain.ManageCategory.clicksave(ManageCategory.java:65)
at projectmain.ManageCategory.clicksave(ManageCategory.java:65)
at projectmain.ManageCategory.clicksave(ManageCategory.java:65)
at projectmain.ManageCategory.clicksave(ManageCategory.java:65)
at projectmain.ManageCategory.clicksave(ManageCategory.java:65)
at projectmain.ManageCategory.clicksave(ManageCategory.java:65)
at projectmain.ManageCategory.clicksave(ManageCategory.java:65)
at projectmain.ManageCategory.clicksave(ManageCategory.java:65)
at projectmain.ManageCategory.clicksave(ManageCategory.java:65)
at projectmain.ManageCategory.clicksave(ManageCategory.java:65)
at projectmain.ManageCategory.clicksave(ManageCategory.java:65)
at projectmain.ManageCategory.clicksave(ManageCategory.java:65)
at projectmain.ManageCategory.clicksave(ManageCategory.java:65)
at projectmain.ManageCategory.clicksave(ManageCategory.java:65)
at projectmain.ManageCategory.clicksave(ManageCategory.java:65)
at projectmain.ManageCategory.clicksave(ManageCategory.java:65)
at projectmain.ManageCategory.clicksave(ManageCategory.java:65)
at projectmain.ManageCategory.clicksave(ManageCategory.java:65)
at projectmain.ManageCategory.clicksave(ManageCategory.java:65)
at projectmain.ManageCategory.clicksave(ManageCategory.java:65)
at projectmain.ManageCategory.clicksave(ManageCategory.java:65)
at projectmain.ManageCategory.clicksave(ManageCategory.java:65)
at projectmain.ManageCategory.clicksave(ManageCategory.java:65)
at projectmain.ManageCategory.clicksave(ManageCategory.java:65)
at projectmain.ManageCategory.clicksave(ManageCategory.java:65)
at projectmain.ManageCategory.clicksave(ManageCategory.java:65)
at projectmain.ManageCategory.clicksave(ManageCategory.java:65)
at projectmain.ManageCategory.clicksave(ManageCategory.java:65)
at projectmain.ManageCategory.clicksave(ManageCategory.java:65)
at projectmain.ManageCategory.clicksave(ManageCategory.java:65)
at projectmain.ManageCategory.clicksave(ManageCategory.java:65)
at projectmain.ManageCategory.clicksave(ManageCategory.java:65)
at projectmain.ManageCategory.clicksave(ManageCategory.java:65)
at projectmain.ManageCategory.clicksave(ManageCategory.java:65)
at projectmain.ManageCategory.clicksave(ManageCategory.java:65)
at projectmain.ManageCategory.clicksave(ManageCategory.java:65)
at projectmain.ManageCategory.clicksave(ManageCategory.java:65)
at projectmain.ManageCategory.clicksave(ManageCategory.java:65)
at projectmain.ManageCategory.clicksave(ManageCategory.java:65)
at projectmain.ManageCategory.clicksave(ManageCategory.java:65)
at projectmain.ManageCategory.clicksave(ManageCategory.java:65)
at projectmain.ManageCategory.clicksave(ManageCategory.java:65)
at projectmain.ManageCategory.clicksave(ManageCategory.java:65)
at projectmain.ManageCategory.clicksave(ManageCategory.java:65)
at projectmain.ManageCategory.clicksave(ManageCategory.java:65)
at projectmain.ManageCategory.clicksave(ManageCategory.java:65)
at projectmain.ManageCategory.clicksave(ManageCategory.java:65)
at projectmain.ManageCategory.clicksave(ManageCategory.java:65)
at projectmain.ManageCategory.clicksave(ManageCategory.java:65)
at projectmain.ManageCategory.clicksave(ManageCategory.java:65)
at projectmain.ManageCategory.clicksave(ManageCategory.java:65)
at projectmain.ManageCategory.clicksave(ManageCategory.java:65)
at projectmain.ManageCategory.clicksave(ManageCategory.java:65)
at projectmain.ManageCategory.clicksave(ManageCategory.java:65)
at projectmain.ManageCategory.clicksave(ManageCategory.java:65)
at projectmain.ManageCategory.clicksave(ManageCategory.java:65)
at projectmain.ManageCategory.clicksave(ManageCategory.java:65)
at projectmain.ManageCategory.clicksave(ManageCategory.java:65)
at projectmain.ManageCategory.clicksave(ManageCategory.java:65)
at projectmain.ManageCategory.clicksave(ManageCategory.java:65)
at projectmain.ManageCategory.clicksave(ManageCategory.java:65)
at projectmain.ManageCategory.clicksave(ManageCategory.java:65)
at projectmain.ManageCategory.clicksave(ManageCategory.java:65)
at projectmain.ManageCategory.clicksave(ManageCategory.java:65)
at projectmain.ManageCategory.clicksave(ManageCategory.java:65)
at projectmain.ManageCategory.clicksave(ManageCategory.java:65)
at projectmain.ManageCategory.clicksave(ManageCategory.java:65)
at projectmain.ManageCategory.clicksave(ManageCategory.java:65)
at projectmain.ManageCategory.clicksave(ManageCategory.java:65)
at projectmain.ManageCategory.clicksave(ManageCategory.java:65)
at projectmain.ManageCategory.clicksave(ManageCategory.java:65)
at projectmain.ManageCategory.clicksave(ManageCategory.java:65)
at projectmain.ManageCategory.clicksave(ManageCategory.java:65)
at projectmain.ManageCategory.clicksave(ManageCategory.java:65)
at projectmain.ManageCategory.clicksave(ManageCategory.java:65)
at projectmain.ManageCategory.clicksave(ManageCategory.java:65)
at projectmain.ManageCategory.clicksave(ManageCategory.java:65)
at projectmain.ManageCategory.clicksave(ManageCategory.java:65)
at projectmain.ManageCategory.clicksave(ManageCategory.java:65)
at projectmain.ManageCategory.clicksave(ManageCategory.java:65)
at projectmain.ManageCategory.clicksave(ManageCategory.java:65)
at projectmain.ManageCategory.clicksave(ManageCategory.java:65)
at projectmain.ManageCategory.clicksave(ManageCategory.java:65)
at projectmain.ManageCategory.clicksave(ManageCategory.java:65)
at projectmain.ManageCategory.clicksave(ManageCategory.java:65)
at projectmain.ManageCategory.clicksave(ManageCategory.java:65)
at projectmain.ManageCategory.clicksave(ManageCategory.java:65)
at projectmain.ManageCategory.clicksave(ManageCategory.java:65)
at projectmain.ManageCategory.clicksave(ManageCategory.java:65)
at projectmain.ManageCategory.clicksave(ManageCategory.java:65)
at projectmain.ManageCategory.clicksave(ManageCategory.java:65)
at projectmain.ManageCategory.clicksave(ManageCategory.java:65)
at projectmain.ManageCategory.clicksave(ManageCategory.java:65)
at projectmain.ManageCategory.clicksave(ManageCategory.java:65)
at projectmain.ManageCategory.clicksave(ManageCategory.java:65)
at projectmain.ManageCategory.clicksave(ManageCategory.java:65)
at projectmain.ManageCategory.clicksave(ManageCategory.java:65)
at projectmain.ManageCategory.clicksave(ManageCategory.java:65)
at projectmain.ManageCategory.clicksave(ManageCategory.java:65)
at projectmain.ManageCategory.clicksave(ManageCategory.java:65)
at projectmain.ManageCategory.clicksave(ManageCategory.java:65)
at projectmain.ManageCategory.clicksave(ManageCategory.java:65)
at projectmain.ManageCategory.clicksave(ManageCategory.java:65)
at projectmain.ManageCategory.clicksave(ManageCategory.java:65)
at projectmain.ManageCategory.clicksave(ManageCategory.java:65)
at projectmain.ManageCategory.clicksave(ManageCategory.java:65)
at projectmain.ManageCategory.clicksave(ManageCategory.java:65)
at projectmain.ManageCategory.clicksave(ManageCategory.java:65)
at projectmain.ManageCategory.clicksave(ManageCategory.java:65)
at projectmain.ManageCategory.clicksave(ManageCategory.java:65)
at projectmain.ManageCategory.clicksave(ManageCategory.java:65)
at projectmain.ManageCategory.clicksave(ManageCategory.java:65)
at projectmain.ManageCategory.clicksave(ManageCategory.java:65)
at projectmain.ManageCategory.clicksave(ManageCategory.java:65)
at projectmain.ManageCategory.clicksave(ManageCategory.java:65)
at projectmain.ManageCategory.clicksave(ManageCategory.java:65)
at projectmain.ManageCategory.clicksave(ManageCategory.java:65)
at projectmain.ManageCategory.clicksave(ManageCategory.java:65)
at projectmain.ManageCategory.clicksave(ManageCategory.java:65)
at projectmain.ManageCategory.clicksave(ManageCategory.java:65)
at projectmain.ManageCategory.clicksave(ManageCategory.java:65)
at projectmain.ManageCategory.clicksave(ManageCategory.java:65)
at projectmain.ManageCategory.clicksave(ManageCategory.java:65)
at projectmain.ManageCategory.clicksave(ManageCategory.java:65)
at projectmain.ManageCategory.clicksave(ManageCategory.java:65)
at projectmain.ManageCategory.clicksave(ManageCategory.java:65)
at projectmain.ManageCategory.clicksave(ManageCategory.java:65)
at projectmain.ManageCategory.clicksave(ManageCategory.java:65)
at projectmain.ManageCategory.clicksave(ManageCategory.java:65)
at projectmain.ManageCategory.clicksave(ManageCategory.java:65)
at projectmain.ManageCategory.clicksave(ManageCategory.java:65)
at projectmain.ManageCategory.clicksave(ManageCategory.java:65)
at projectmain.ManageCategory.clicksave(ManageCategory.java:65)
at projectmain.ManageCategory.clicksave(ManageCategory.java:65)
at projectmain.ManageCategory.clicksave(ManageCategory.java:65)
at projectmain.ManageCategory.clicksave(ManageCategory.java:65)
at projectmain.ManageCategory.clicksave(ManageCategory.java:65)
at projectmain.ManageCategory.clicksave(ManageCategory.java:65)
at projectmain.ManageCategory.clicksave(ManageCategory.java:65)
at projectmain.ManageCategory.clicksave(ManageCategory.java:65)
at projectmain.ManageCategory.clicksave(ManageCategory.java:65)
at projectmain.ManageCategory.clicksave(ManageCategory.java:65)
at projectmain.ManageCategory.clicksave(ManageCategory.java:65)
at projectmain.ManageCategory.clicksave(ManageCategory.java:65)
at projectmain.ManageCategory.clicksave(ManageCategory.java:65)
at projectmain.ManageCategory.clicksave(ManageCategory.java:65)
at projectmain.ManageCategory.clicksave(ManageCategory.java:65)
at projectmain.ManageCategory.clicksave(ManageCategory.java:65)
at projectmain.ManageCategory.clicksave(ManageCategory.java:65)
at projectmain.ManageCategory.clicksave(ManageCategory.java:65)
at projectmain.ManageCategory.clicksave(ManageCategory.java:65)
at projectmain.ManageCategory.clicksave(ManageCategory.java:65)
at projectmain.ManageCategory.clicksave(ManageCategory.java:65)
at projectmain.ManageCategory.clicksave(ManageCategory.java:65)
at projectmain.ManageCategory.clicksave(ManageCategory.java:65)
at projectmain.ManageCategory.clicksave(ManageCategory.java:65)
at projectmain.ManageCategory.clicksave(ManageCategory.java:65)
at projectmain.ManageCategory.clicksave(ManageCategory.java:65)
at projectmain.ManageCategory.clicksave(ManageCategory.java:65)
at projectmain.ManageCategory.clicksave(ManageCategory.java:65)
at projectmain.ManageCategory.clicksave(ManageCategory.java:65)
at projectmain.ManageCategory.clicksave(ManageCategory.java:65)
at projectmain.ManageCategory.clicksave(ManageCategory.java:65)
at projectmain.ManageCategory.clicksave(ManageCategory.java:65)
at projectmain.ManageCategory.clicksave(ManageCategory.java:65)
at projectmain.ManageCategory.clicksave(ManageCategory.java:65)
at projectmain.ManageCategory.clicksave(ManageCategory.java:65)
at projectmain.ManageCategory.clicksave(ManageCategory.java:65)
at projectmain.ManageCategory.clicksave(ManageCategory.java:65)
at projectmain.ManageCategory.clicksave(ManageCategory.java:65)
at projectmain.ManageCategory.clicksave(ManageCategory.java:65)
at projectmain.ManageCategory.clicksave(ManageCategory.java:65)
at projectmain.ManageCategory.clicksave(ManageCategory.java:65)
at projectmain.ManageCategory.clicksave(ManageCategory.java:65)
at projectmain.ManageCategory.clicksave(ManageCategory.java:65)
at projectmain.ManageCategory.clicksave(ManageCategory.java:65)
at projectmain.ManageCategory.clicksave(ManageCategory.java:65)
at projectmain.ManageCategory.clicksave(ManageCategory.java:65)
at projectmain.ManageCategory.clicksave(ManageCategory.java:65)
at projectmain.ManageCategory.clicksave(ManageCategory.java:65)
at projectmain.ManageCategory.clicksave(ManageCategory.java:65)
at projectmain.ManageCategory.clicksave(ManageCategory.java:65)
at projectmain.ManageCategory.clicksave(ManageCategory.java:65)
at projectmain.ManageCategory.clicksave(ManageCategory.java:65)
at projectmain.ManageCategory.clicksave(ManageCategory.java:65)
at projectmain.ManageCategory.clicksave(ManageCategory.java:65)
at projectmain.ManageCategory.clicksave(ManageCategory.java:65)
at projectmain.ManageCategory.clicksave(ManageCategory.java:65)
at projectmain.ManageCategory.clicksave(ManageCategory.java:65)
at projectmain.ManageCategory.clicksave(ManageCategory.java:65)
at projectmain.ManageCategory.clicksave(ManageCategory.java:65)
at projectmain.ManageCategory.clicksave(ManageCategory.java:65)
at projectmain.ManageCategory.clicksave(ManageCategory.java:65)
at projectmain.ManageCategory.clicksave(ManageCategory.java:65)
at projectmain.ManageCategory.clicksave(ManageCategory.java:65)
at projectmain.ManageCategory.clicksave(ManageCategory.java:65)
at projectmain.ManageCategory.clicksave(ManageCategory.java:65)
at projectmain.ManageCategory.clicksave(ManageCategory.java:65)
at projectmain.ManageCategory.clicksave(ManageCategory.java:65)
at projectmain.ManageCategory.clicksave(ManageCategory.java:65)
at projectmain.ManageCategory.clicksave(ManageCategory.java:65)
at projectmain.ManageCategory.clicksave(ManageCategory.java:65)
at projectmain.ManageCategory.clicksave(ManageCategory.java:65)
at projectmain.ManageCategory.clicksave(ManageCategory.java:65)
at projectmain.ManageCategory.clicksave(ManageCategory.java:65)
at projectmain.ManageCategory.clicksave(ManageCategory.java:65)
at projectmain.ManageCategory.clicksave(ManageCategory.java:65)
at projectmain.ManageCategory.clicksave(ManageCategory.java:65)
at projectmain.ManageCategory.clicksave(ManageCategory.java:65)
at projectmain.ManageCategory.clicksave(ManageCategory.java:65)
at projectmain.ManageCategory.clicksave(ManageCategory.java:65)
at projectmain.ManageCategory.clicksave(ManageCategory.java:65)
at projectmain.ManageCategory.clicksave(ManageCategory.java:65)
at projectmain.ManageCategory.clicksave(ManageCategory.java:65)
at projectmain.ManageCategory.clicksave(ManageCategory.java:65)
at projectmain.ManageCategory.clicksave(ManageCategory.java:65)
at projectmain.ManageCategory.clicksave(ManageCategory.java:65)
at projectmain.ManageCategory.clicksave(ManageCategory.java:65)
at projectmain.ManageCategory.clicksave(ManageCategory.java:65)
at projectmain.ManageCategory.clicksave(ManageCategory.java:65)
at projectmain.ManageCategory.clicksave(ManageCategory.java:65)
at projectmain.ManageCategory.clicksave(ManageCategory.java:65)
at projectmain.ManageCategory.clicksave(ManageCategory.java:65)
at projectmain.ManageCategory.clicksave(ManageCategory.java:65)
at projectmain.ManageCategory.clicksave(ManageCategory.java:65)
at projectmain.ManageCategory.clicksave(ManageCategory.java:65)
at projectmain.ManageCategory.clicksave(ManageCategory.java:65)
at projectmain.ManageCategory.clicksave(ManageCategory.java:65)
at projectmain.ManageCategory.clicksave(ManageCategory.java:65)
at projectmain.ManageCategory.clicksave(ManageCategory.java:65)
at projectmain.ManageCategory.clicksave(ManageCategory.java:65)
at projectmain.ManageCategory.clicksave(ManageCategory.java:65)
at projectmain.ManageCategory.clicksave(ManageCategory.java:65)
at projectmain.ManageCategory.clicksave(ManageCategory.java:65)
at projectmain.ManageCategory.clicksave(ManageCategory.java:65)
at projectmain.ManageCategory.clicksave(ManageCategory.java:65)
at projectmain.ManageCategory.clicksave(ManageCategory.java:65)
at projectmain.ManageCategory.clicksave(ManageCategory.java:65)
at projectmain.ManageCategory.clicksave(ManageCategory.java:65)
at projectmain.ManageCategory.clicksave(ManageCategory.java:65)
at projectmain.ManageCategory.clicksave(ManageCategory.java:65)
at projectmain.ManageCategory.clicksave(ManageCategory.java:65)
at projectmain.ManageCategory.clicksave(ManageCategory.java:65)
at projectmain.ManageCategory.clicksave(ManageCategory.java:65)
at projectmain.ManageCategory.clicksave(ManageCategory.java:65)
at projectmain.ManageCategory.clicksave(ManageCategory.java:65)
at projectmain.ManageCategory.clicksave(ManageCategory.java:65)
at projectmain.ManageCategory.clicksave(ManageCategory.java:65)
at projectmain.ManageCategory.clicksave(ManageCategory.java:65)
at projectmain.ManageCategory.clicksave(ManageCategory.java:65)
at projectmain.ManageCategory.clicksave(ManageCategory.java:65)
at projectmain.ManageCategory.clicksave(ManageCategory.java:65)
at projectmain.ManageCategory.clicksave(ManageCategory.java:65)
at projectmain.ManageCategory.clicksave(ManageCategory.java:65)
at projectmain.ManageCategory.clicksave(ManageCategory.java:65)
at projectmain.ManageCategory.clicksave(ManageCategory.java:65)
at projectmain.ManageCategory.clicksave(ManageCategory.java:65)
at projectmain.ManageCategory.clicksave(ManageCategory.java:65)
at projectmain.ManageCategory.clicksave(ManageCategory.java:65)
at projectmain.ManageCategory.clicksave(ManageCategory.java:65)
at projectmain.ManageCategory.clicksave(ManageCategory.java:65)
at projectmain.ManageCategory.clicksave(ManageCategory.java:65)
at projectmain.ManageCategory.clicksave(ManageCategory.java:65)
at projectmain.ManageCategory.clicksave(ManageCategory.java:65)
at projectmain.ManageCategory.clicksave(ManageCategory.java:65)
at projectmain.ManageCategory.clicksave(ManageCategory.java:65)
at projectmain.ManageCategory.clicksave(ManageCategory.java:65)
at projectmain.ManageCategory.clicksave(ManageCategory.java:65)
at projectmain.ManageCategory.clicksave(ManageCategory.java:65)
at projectmain.ManageCategory.clicksave(ManageCategory.java:65)
at projectmain.ManageCategory.clicksave(ManageCategory.java:65)
at projectmain.ManageCategory.clicksave(ManageCategory.java:65)
at projectmain.ManageCategory.clicksave(ManageCategory.java:65)
at projectmain.ManageCategory.clicksave(ManageCategory.java:65)
at projectmain.ManageCategory.clicksave(ManageCategory.java:65)
at projectmain.ManageCategory.clicksave(ManageCategory.java:65)
at projectmain.ManageCategory.clicksave(ManageCategory.java:65)
at projectmain.ManageCategory.clicksave(ManageCategory.java:65)
at projectmain.ManageCategory.clicksave(ManageCategory.java:65)
at projectmain.ManageCategory.clicksave(ManageCategory.java:65)
at projectmain.ManageCategory.clicksave(ManageCategory.java:65)
at projectmain.ManageCategory.clicksave(ManageCategory.java:65)
at projectmain.ManageCategory.clicksave(ManageCategory.java:65)
at projectmain.ManageCategory.clicksave(ManageCategory.java:65)
at projectmain.ManageCategory.clicksave(ManageCategory.java:65)
at projectmain.ManageCategory.clicksave(ManageCategory.java:65)
at projectmain.ManageCategory.clicksave(ManageCategory.java:65)
at projectmain.ManageCategory.clicksave(ManageCategory.java:65)
at projectmain.ManageCategory.clicksave(ManageCategory.java:65)
at projectmain.ManageCategory.clicksave(ManageCategory.java:65)
at projectmain.ManageCategory.clicksave(ManageCategory.java:65)
at projectmain.ManageCategory.clicksave(ManageCategory.java:65)
at projectmain.ManageCategory.clicksave(ManageCategory.java:65)
at projectmain.ManageCategory.clicksave(ManageCategory.java:65)
at projectmain.ManageCategory.clicksave(ManageCategory.java:65)
at projectmain.ManageCategory.clicksave(ManageCategory.java:65)
at projectmain.ManageCategory.clicksave(ManageCategory.java:65)
at projectmain.ManageCategory.clicksave(ManageCategory.java:65)
at projectmain.ManageCategory.clicksave(ManageCategory.java:65)
at projectmain.ManageCategory.clicksave(ManageCategory.java:65)
at projectmain.ManageCategory.clicksave(ManageCategory.java:65)
at projectmain.ManageCategory.clicksave(ManageCategory.java:65)
at projectmain.ManageCategory.clicksave(ManageCategory.java:65)
at projectmain.ManageCategory.clicksave(ManageCategory.java:65)
at projectmain.ManageCategory.clicksave(ManageCategory.java:65)
at projectmain.ManageCategory.clicksave(ManageCategory.java:65)
at projectmain.ManageCategory.clicksave(ManageCategory.java:65)
at projectmain.ManageCategory.clicksave(ManageCategory.java:65)
at projectmain.ManageCategory.clicksave(ManageCategory.java:65)
at projectmain.ManageCategory.clicksave(ManageCategory.java:65)
at projectmain.ManageCategory.clicksave(ManageCategory.java:65)
at projectmain.ManageCategory.clicksave(ManageCategory.java:65)
at projectmain.ManageCategory.clicksave(ManageCategory.java:65)
at projectmain.ManageCategory.clicksave(ManageCategory.java:65)
at projectmain.ManageCategory.clicksave(ManageCategory.java:65)
at projectmain.ManageCategory.clicksave(ManageCategory.java:65)
at projectmain.ManageCategory.clicksave(ManageCategory.java:65)
at projectmain.ManageCategory.clicksave(ManageCategory.java:65)
at projectmain.ManageCategory.clicksave(ManageCategory.java:65)
at projectmain.ManageCategory.clicksave(ManageCategory.java:65)
at projectmain.ManageCategory.clicksave(ManageCategory.java:65)
at projectmain.ManageCategory.clicksave(ManageCategory.java:65)
at projectmain.ManageCategory.clicksave(ManageCategory.java:65)
at projectmain.ManageCategory.clicksave(ManageCategory.java:65)
at projectmain.ManageCategory.clicksave(ManageCategory.java:65)
at projectmain.ManageCategory.clicksave(ManageCategory.java:65)
at projectmain.ManageCategory.clicksave(ManageCategory.java:65)
at projectmain.ManageCategory.clicksave(ManageCategory.java:65)
at projectmain.ManageCategory.clicksave(ManageCategory.java:65)
at projectmain.ManageCategory.clicksave(ManageCategory.java:65)
at projectmain.ManageCategory.clicksave(ManageCategory.java:65)
at projectmain.ManageCategory.clicksave(ManageCategory.java:65)
at projectmain.ManageCategory.clicksave(ManageCategory.java:65)
at projectmain.ManageCategory.clicksave(ManageCategory.java:65)
at projectmain.ManageCategory.clicksave(ManageCategory.java:65)
at projectmain.ManageCategory.clicksave(ManageCategory.java:65)
at projectmain.ManageCategory.clicksave(ManageCategory.java:65)
at projectmain.ManageCategory.clicksave(ManageCategory.java:65)
at projectmain.ManageCategory.clicksave(ManageCategory.java:65)
at projectmain.ManageCategory.clicksave(ManageCategory.java:65)
at projectmain.ManageCategory.clicksave(ManageCategory.java:65)
at projectmain.ManageCategory.clicksave(ManageCategory.java:65)
at projectmain.ManageCategory.clicksave(ManageCategory.java:65)
at projectmain.ManageCategory.clicksave(ManageCategory.java:65)
at projectmain.ManageCategory.clicksave(ManageCategory.java:65)
at projectmain.ManageCategory.clicksave(ManageCategory.java:65)
at projectmain.ManageCategory.clicksave(ManageCategory.java:65)
at projectmain.ManageCategory.clicksave(ManageCategory.java:65)
at projectmain.ManageCategory.clicksave(ManageCategory.java:65)
at projectmain.ManageCategory.clicksave(ManageCategory.java:65)
at projectmain.ManageCategory.clicksave(ManageCategory.java:65)
at projectmain.ManageCategory.clicksave(ManageCategory.java:65)
at projectmain.ManageCategory.clicksave(ManageCategory.java:65)
at projectmain.ManageCategory.clicksave(ManageCategory.java:65)
at projectmain.ManageCategory.clicksave(ManageCategory.java:65)
at projectmain.ManageCategory.clicksave(ManageCategory.java:65)
at projectmain.ManageCategory.clicksave(ManageCategory.java:65)
at projectmain.ManageCategory.clicksave(ManageCategory.java:65)
at projectmain.ManageCategory.clicksave(ManageCategory.java:65)
at projectmain.ManageCategory.clicksave(ManageCategory.java:65)
at projectmain.ManageCategory.clicksave(ManageCategory.java:65)
at projectmain.ManageCategory.clicksave(ManageCategory.java:65)
at projectmain.ManageCategory.clicksave(ManageCategory.java:65)
at projectmain.ManageCategory.clicksave(ManageCategory.java:65)
at projectmain.ManageCategory.clicksave(ManageCategory.java:65)
at projectmain.ManageCategory.clicksave(ManageCategory.java:65)
at projectmain.ManageCategory.clicksave(ManageCategory.java:65)
at projectmain.ManageCategory.clicksave(ManageCategory.java:65)
at projectmain.ManageCategory.clicksave(ManageCategory.java:65)
at projectmain.ManageCategory.clicksave(ManageCategory.java:65)
at projectmain.ManageCategory.clicksave(ManageCategory.java:65)
at projectmain.ManageCategory.clicksave(ManageCategory.java:65)
at projectmain.ManageCategory.clicksave(ManageCategory.java:65)
at projectmain.ManageCategory.clicksave(ManageCategory.java:65)
at projectmain.ManageCategory.clicksave(ManageCategory.java:65)
at projectmain.ManageCategory.clicksave(ManageCategory.java:65)
at projectmain.ManageCategory.clicksave(ManageCategory.java:65)
at projectmain.ManageCategory.clicksave(ManageCategory.java:65)
at projectmain.ManageCategory.clicksave(ManageCategory.java:65)
at projectmain.ManageCategory.clicksave(ManageCategory.java:65)
at projectmain.ManageCategory.clicksave(ManageCategory.java:65)
at projectmain.ManageCategory.clicksave(ManageCategory.java:65)
at projectmain.ManageCategory.clicksave(ManageCategory.java:65)
at projectmain.ManageCategory.clicksave(ManageCategory.java:65)
at projectmain.ManageCategory.clicksave(ManageCategory.java:65)
at projectmain.ManageCategory.clicksave(ManageCategory.java:65)
at projectmain.ManageCategory.clicksave(ManageCategory.java:65)
at projectmain.ManageCategory.clicksave(ManageCategory.java:65)
at projectmain.ManageCategory.clicksave(ManageCategory.java:65)
at projectmain.ManageCategory.clicksave(ManageCategory.java:65)
at projectmain.ManageCategory.clicksave(ManageCategory.java:65)
at projectmain.ManageCategory.clicksave(ManageCategory.java:65)
at projectmain.ManageCategory.clicksave(ManageCategory.java:65)
at projectmain.ManageCategory.clicksave(ManageCategory.java:65)
at projectmain.ManageCategory.clicksave(ManageCategory.java:65)
at projectmain.ManageCategory.clicksave(ManageCategory.java:65)
at projectmain.ManageCategory.clicksave(ManageCategory.java:65)
at projectmain.ManageCategory.clicksave(ManageCategory.java:65)
at projectmain.ManageCategory.clicksave(ManageCategory.java:65)
at projectmain.ManageCategory.clicksave(ManageCategory.java:65)
at projectmain.ManageCategory.clicksave(ManageCategory.java:65)
at projectmain.ManageCategory.clicksave(ManageCategory.java:65)
at projectmain.ManageCategory.clicksave(ManageCategory.java:65)
at projectmain.ManageCategory.clicksave(ManageCategory.java:65)
at projectmain.ManageCategory.clicksave(ManageCategory.java:65)
at projectmain.ManageCategory.clicksave(ManageCategory.java:65)
at projectmain.ManageCategory.clicksave(ManageCategory.java:65)
at projectmain.ManageCategory.clicksave(ManageCategory.java:65)
at projectmain.ManageCategory.clicksave(ManageCategory.java:65)
at projectmain.ManageCategory.clicksave(ManageCategory.java:65)
at projectmain.ManageCategory.clicksave(ManageCategory.java:65)
at projectmain.ManageCategory.clicksave(ManageCategory.java:65)
at projectmain.ManageCategory.clicksave(ManageCategory.java:65)
at projectmain.ManageCategory.clicksave(ManageCategory.java:65)
at projectmain.ManageCategory.clicksave(ManageCategory.java:65)
at projectmain.ManageCategory.clicksave(ManageCategory.java:65)
at projectmain.ManageCategory.clicksave(ManageCategory.java:65)
at projectmain.ManageCategory.clicksave(ManageCategory.java:65)
at projectmain.ManageCategory.clicksave(ManageCategory.java:65)
at projectmain.ManageCategory.clicksave(ManageCategory.java:65)
at projectmain.ManageCategory.clicksave(ManageCategory.java:65)
at projectmain.ManageCategory.clicksave(ManageCategory.java:65)
at projectmain.ManageCategory.clicksave(ManageCategory.java:65)
at projectmain.ManageCategory.clicksave(ManageCategory.java:65)
at projectmain.ManageCategory.clicksave(ManageCategory.java:65)
at projectmain.ManageCategory.clicksave(ManageCategory.java:65)
at projectmain.ManageCategory.clicksave(ManageCategory.java:65)
at projectmain.ManageCategory.clicksave(ManageCategory.java:65)
at projectmain.ManageCategory.clicksave(ManageCategory.java:65)
at projectmain.ManageCategory.clicksave(ManageCategory.java:65)
at projectmain.ManageCategory.clicksave(ManageCategory.java:65)
at projectmain.ManageCategory.clicksave(ManageCategory.java:65)
at projectmain.ManageCategory.clicksave(ManageCategory.java:65)
at projectmain.ManageCategory.clicksave(ManageCategory.java:65)
at projectmain.ManageCategory.clicksave(ManageCategory.java:65)
at projectmain.ManageCategory.clicksave(ManageCategory.java:65)
at projectmain.ManageCategory.clicksave(ManageCategory.java:65)
at projectmain.ManageCategory.clicksave(ManageCategory.java:65)
at projectmain.ManageCategory.clicksave(ManageCategory.java:65)
at projectmain.ManageCategory.clicksave(ManageCategory.java:65)
at projectmain.ManageCategory.clicksave(ManageCategory.java:65)
at projectmain.ManageCategory.clicksave(ManageCategory.java:65)
at projectmain.ManageCategory.clicksave(ManageCategory.java:65)
at projectmain.ManageCategory.clicksave(ManageCategory.java:65)
at projectmain.ManageCategory.clicksave(ManageCategory.java:65)
at projectmain.ManageCategory.clicksave(ManageCategory.java:65)
at projectmain.ManageCategory.clicksave(ManageCategory.java:65)
at projectmain.ManageCategory.clicksave(ManageCategory.java:65)
at projectmain.ManageCategory.clicksave(ManageCategory.java:65)
at projectmain.ManageCategory.clicksave(ManageCategory.java:65)
at projectmain.ManageCategory.clicksave(ManageCategory.java:65)
at projectmain.ManageCategory.clicksave(ManageCategory.java:65)
at projectmain.ManageCategory.clicksave(ManageCategory.java:65)
at projectmain.ManageCategory.clicksave(ManageCategory.java:65)
at projectmain.ManageCategory.clicksave(ManageCategory.java:65)
at projectmain.ManageCategory.clicksave(ManageCategory.java:65)
at projectmain.ManageCategory.clicksave(ManageCategory.java:65)
at projectmain.ManageCategory.clicksave(ManageCategory.java:65)
at projectmain.ManageCategory.clicksave(ManageCategory.java:65)
at projectmain.ManageCategory.clicksave(ManageCategory.java:65)
at projectmain.ManageCategory.clicksave(ManageCategory.java:65)
at projectmain.ManageCategory.clicksave(ManageCategory.java:65)
at projectmain.ManageCategory.clicksave(ManageCategory.java:65)
at projectmain.ManageCategory.clicksave(ManageCategory.java:65)
at projectmain.ManageCategory.clicksave(ManageCategory.java:65)
at projectmain.ManageCategory.clicksave(ManageCategory.java:65)
at projectmain.ManageCategory.clicksave(ManageCategory.java:65)
at projectmain.ManageCategory.clicksave(ManageCategory.java:65)
at projectmain.ManageCategory.clicksave(ManageCategory.java:65)
at projectmain.ManageCategory.clicksave(ManageCategory.java:65)
at projectmain.ManageCategory.clicksave(ManageCategory.java:65)
at projectmain.ManageCategory.clicksave(ManageCategory.java:65)
at projectmain.ManageCategory.clicksave(ManageCategory.java:65)
at projectmain.ManageCategory.clicksave(ManageCategory.java:65)
at projectmain.ManageCategory.clicksave(ManageCategory.java:65)
at projectmain.ManageCategory.clicksave(ManageCategory.java:65)
at projectmain.ManageCategory.clicksave(ManageCategory.java:65)
at projectmain.ManageCategory.clicksave(ManageCategory.java:65)
at projectmain.ManageCategory.clicksave(ManageCategory.java:65)
at projectmain.ManageCategory.clicksave(ManageCategory.java:65)
at projectmain.ManageCategory.clicksave(ManageCategory.java:65)
at projectmain.ManageCategory.clicksave(ManageCategory.java:65)
at projectmain.ManageCategory.clicksave(ManageCategory.java:65)
at projectmain.ManageCategory.clicksave(ManageCategory.java:65)
at projectmain.ManageCategory.clicksave(ManageCategory.java:65)
at projectmain.ManageCategory.clicksave(ManageCategory.java:65)
at projectmain.ManageCategory.clicksave(ManageCategory.java:65)
at projectmain.ManageCategory.clicksave(ManageCategory.java:65)
at projectmain.ManageCategory.clicksave(ManageCategory.java:65)
at projectmain.ManageCategory.clicksave(ManageCategory.java:65)
at projectmain.ManageCategory.clicksave(ManageCategory.java:65)
at projectmain.ManageCategory.clicksave(ManageCategory.java:65)
at projectmain.ManageCategory.clicksave(ManageCategory.java:65)
at projectmain.ManageCategory.clicksave(ManageCategory.java:65)
at projectmain.ManageCategory.clicksave(ManageCategory.java:65)
at projectmain.ManageCategory.clicksave(ManageCategory.java:65)
at projectmain.ManageCategory.clicksave(ManageCategory.java:65)
at projectmain.ManageCategory.clicksave(ManageCategory.java:65)
at projectmain.ManageCategory.clicksave(ManageCategory.java:65)
at projectmain.ManageCategory.clicksave(ManageCategory.java:65)
at projectmain.ManageCategory.clicksave(ManageCategory.java:65)
at projectmain.ManageCategory.clicksave(ManageCategory.java:65)
at projectmain.ManageCategory.clicksave(ManageCategory.java:65)
at projectmain.ManageCategory.clicksave(ManageCategory.java:65)
at projectmain.ManageCategory.clicksave(ManageCategory.java:65)
at projectmain.ManageCategory.clicksave(ManageCategory.java:65)
at projectmain.ManageCategory.clicksave(ManageCategory.java:65)
at projectmain.ManageCategory.clicksave(ManageCategory.java:65)
at projectmain.ManageCategory.clicksave(ManageCategory.java:65)
at projectmain.ManageCategory.clicksave(ManageCategory.java:65)
at projectmain.ManageCategory.clicksave(ManageCategory.java:65)
at projectmain.ManageCategory.clicksave(ManageCategory.java:65)
at projectmain.ManageCategory.clicksave(ManageCategory.java:65)
at projectmain.ManageCategory.clicksave(ManageCategory.java:65)
at projectmain.ManageCategory.clicksave(ManageCategory.java:65)
at projectmain.ManageCategory.clicksave(ManageCategory.java:65)
at projectmain.ManageCategory.clicksave(ManageCategory.java:65)
at projectmain.ManageCategory.clicksave(ManageCategory.java:65)
at projectmain.ManageCategory.clicksave(ManageCategory.java:65)
at projectmain.ManageCategory.clicksave(ManageCategory.java:65)
at projectmain.ManageCategory.clicksave(ManageCategory.java:65)
at projectmain.ManageCategory.clicksave(ManageCategory.java:65)
at projectmain.ManageCategory.clicksave(ManageCategory.java:65)
at projectmain.ManageCategory.clicksave(ManageCategory.java:65)
at projectmain.ManageCategory.clicksave(ManageCategory.java:65)
at projectmain.ManageCategory.clicksave(ManageCategory.java:65)
at projectmain.ManageCategory.clicksave(ManageCategory.java:65)
at projectmain.ManageCategory.clicksave(ManageCategory.java:65)
at projectmain.ManageCategory.clicksave(ManageCategory.java:65)
at projectmain.ManageCategory.clicksave(ManageCategory.java:65)
at projectmain.ManageCategory.clicksave(ManageCategory.java:65)
at projectmain.ManageCategory.clicksave(ManageCategory.java:65)
at projectmain.ManageCategory.clicksave(ManageCategory.java:65)
at projectmain.ManageCategory.clicksave(ManageCategory.java:65)
at projectmain.ManageCategory.clicksave(ManageCategory.java:65)
at projectmain.ManageCategory.clicksave(ManageCategory.java:65)
at projectmain.ManageCategory.clicksave(ManageCategory.java:65)
at projectmain.ManageCategory.clicksave(ManageCategory.java:65)
at projectmain.ManageCategory.clicksave(ManageCategory.java:65)
at projectmain.ManageCategory.clicksave(ManageCategory.java:65)
at projectmain.ManageCategory.clicksave(ManageCategory.java:65)
at projectmain.ManageCategory.clicksave(ManageCategory.java:65)
at projectmain.ManageCategory.clicksave(ManageCategory.java:65)
at projectmain.ManageCategory.clicksave(ManageCategory.java:65)
at projectmain.ManageCategory.clicksave(ManageCategory.java:65)
at projectmain.ManageCategory.clicksave(ManageCategory.java:65)
at projectmain.ManageCategory.clicksave(ManageCategory.java:65)
at projectmain.ManageCategory.clicksave(ManageCategory.java:65)
at projectmain.ManageCategory.clicksave(ManageCategory.java:65)
at projectmain.ManageCategory.clicksave(ManageCategory.java:65)
at projectmain.ManageCategory.clicksave(ManageCategory.java:65)
at projectmain.ManageCategory.clicksave(ManageCategory.java:65)
at projectmain.ManageCategory.clicksave(ManageCategory.java:65)
at projectmain.ManageCategory.clicksave(ManageCategory.java:65)
at projectmain.ManageCategory.clicksave(ManageCategory.java:65)
at projectmain.ManageCategory.clicksave(ManageCategory.java:65)
at projectmain.ManageCategory.clicksave(ManageCategory.java:65)
at projectmain.ManageCategory.clicksave(ManageCategory.java:65)
at projectmain.ManageCategory.clicksave(ManageCategory.java:65)
at projectmain.ManageCategory.clicksave(ManageCategory.java:65)
at projectmain.ManageCategory.clicksave(ManageCategory.java:65)
at projectmain.ManageCategory.clicksave(ManageCategory.java:65)
at projectmain.ManageCategory.clicksave(ManageCategory.java:65)
at projectmain.ManageCategory.clicksave(ManageCategory.java:65)
at projectmain.ManageCategory.clicksave(ManageCategory.java:65)
at projectmain.ManageCategory.clicksave(ManageCategory.java:65)
at projectmain.ManageCategory.clicksave(ManageCategory.java:65)
at projectmain.ManageCategory.clicksave(ManageCategory.java:65)
]]>
    </error>
  </testcase> <!-- entermanagecategory -->
</testsuite> <!-- projecttesting.ManageCategorytest -->
