<?xml version="1.0" encoding="UTF-8"?>
<!-- Generated by org.testng.reporters.JUnitReportReporter -->
<testsuite hostname="PRINCY" failures="0" tests="1" name="projecttesting.Adminusertest" time="22.116" errors="0" timestamp="2025-06-20T11:42:54 IST" skipped="0">
  <testcase classname="projecttesting.Adminusertest" name="adminuser" time="22.116"/>
</testsuite> <!-- projecttesting.Adminusertest -->
