<?xml version="1.0" encoding="UTF-8"?>
<!-- Generated by org.testng.reporters.JUnitReportReporter -->
<testsuite hostname="PRINCY" failures="0" tests="1" name="projecttesting.Homepagetest" time="7.821" errors="0" timestamp="2025-06-10T11:49:05 IST" skipped="0">
  <testcase classname="projecttesting.Homepagetest" name="signout" time="7.821"/>
</testsuite> <!-- projecttesting.Homepagetest -->
