<?xml version="1.0" encoding="UTF-8"?>
<!-- Generated by org.testng.reporters.JUnitReportReporter -->
<testsuite hostname="PRINCY" failures="0" tests="1" name="projecttesting.Logouttest" time="7.073" errors="0" timestamp="2025-06-06T20:38:19 IST" skipped="0">
  <testcase classname="projecttesting.Logouttest" name="signout" time="7.073"/>
</testsuite> <!-- projecttesting.Logouttest -->
