<?xml version="1.0" encoding="UTF-8"?>
<!-- Generated by org.testng.reporters.JUnitReportReporter -->
<testsuite hostname="PRINCY" failures="0" tests="1" name="projecttesting.Logintest" time="6.778" errors="0" timestamp="2025-06-24T12:29:48 IST" skipped="0">
  <testcase classname="projecttesting.Logintest" name="parameterViaLogin" time="6.778"/>
</testsuite> <!-- projecttesting.Logintest -->
